[debug] ----------------------------------------------------------------------
[debug] Command:      /usr/local/Cellar/node/7.7.3/bin/node /usr/local/bin/firebase deploy
[debug] CLI Version:  3.5.0
[debug] Platform:     darwin
[debug] Node Version: v7.7.3
[debug] Time:         Mon Apr 03 2017 21:10:07 GMT-0700 (PDT)
[debug] ----------------------------------------------------------------------
[debug] 
[debug] > command requires scopes: ["email","openid","https://www.googleapis.com/auth/cloudplatformprojects.readonly","https://www.googleapis.com/auth/firebase","https://www.googleapis.com/auth/cloud-platform"]
[debug] > refreshing access token with scopes: ["email","https://www.googleapis.com/auth/cloud-platform","https://www.googleapis.com/auth/cloudplatformprojects.readonly","https://www.googleapis.com/auth/firebase","openid"]
[debug] >>> HTTP REQUEST POST https://www.googleapis.com/oauth2/v3/token { refresh_token: '1/scAI-2zRaHNFBw698LocKJA0HzuVKoDY8tZXPynVCmE',
  client_id: '563584335869-fgrhgmd47bqnekij5i8b5pr03ho849e6.apps.googleusercontent.com',
  client_secret: 'j9iVZfS8kkCEFUPaAeJV0sAi',
  grant_type: 'refresh_token',
  scope: 'email https://www.googleapis.com/auth/cloud-platform https://www.googleapis.com/auth/cloudplatformprojects.readonly https://www.googleapis.com/auth/firebase openid' } 
 Mon Apr 03 2017 21:10:07 GMT-0700 (PDT)
[debug] <<< HTTP RESPONSE 200
[debug] >>> HTTP REQUEST GET https://admin.firebase.com/v1/projects/dotinoapp  
 Mon Apr 03 2017 21:10:07 GMT-0700 (PDT)
[debug] <<< HTTP RESPONSE 200
[debug] >>> HTTP REQUEST GET https://admin.firebase.com/v1/database/dotinoapp/tokens  
 Mon Apr 03 2017 21:10:08 GMT-0700 (PDT)
[debug] <<< HTTP RESPONSE 200
[info] 
[info] === Deploying to 'dotinoapp'...
[info] 
[info] i  deploying database, functions, hosting
[info] ✔  database: rules ready to deploy.
[debug] > [functions] package.json contents: {
  "name": "functions",
  "description": "Cloud Functions for Firebase",
  "dependencies": {
    "firebase-admin": "^4.1.2",
    "firebase-functions": "^0.5"
  },
  "private": true
}
[info] i  functions: ensuring necessary APIs are enabled...
[info] i  runtimeconfig: ensuring necessary APIs are enabled...
[debug] >>> HTTP REQUEST GET https://servicemanagement.googleapis.com/v1/services/cloudfunctions.googleapis.com/projectSettings/dotinoapp?view=CONSUMER_VIEW  
 Mon Apr 03 2017 21:10:09 GMT-0700 (PDT)
[debug] >>> HTTP REQUEST GET https://servicemanagement.googleapis.com/v1/services/runtimeconfig.googleapis.com/projectSettings/dotinoapp?view=CONSUMER_VIEW  
 Mon Apr 03 2017 21:10:09 GMT-0700 (PDT)
[debug] <<< HTTP RESPONSE 200
[info] ✔  runtimeconfig: all necessary APIs are enabled
[debug] <<< HTTP RESPONSE 200
[info] ✔  functions: all necessary APIs are enabled
[debug] >>> HTTP REQUEST GET https://appengine.googleapis.com/v1/apps/dotinoapp  
 Mon Apr 03 2017 21:10:10 GMT-0700 (PDT)
[debug] >>> HTTP REQUEST GET https://apikeys.googleapis.com/v1/projects/dotinoapp/apiKeys  
 Mon Apr 03 2017 21:10:10 GMT-0700 (PDT)
[debug] <<< HTTP RESPONSE 200
[debug] <<< HTTP RESPONSE 200
[info] i  functions: preparing functions directory for uploading...
[debug] >>> HTTP REQUEST GET https://runtimeconfig.googleapis.com/v1beta1/projects/dotinoapp/configs  
 Mon Apr 03 2017 21:10:13 GMT-0700 (PDT)
[debug] <<< HTTP RESPONSE 200
[debug] > [functions] runtime config materialized as: {
  "firebase": {
    "databaseURL": "https://dotinoapp.firebaseio.com",
    "storageBucket": "dotinoapp.appspot.com",
    "apiKey": "AIzaSyBGV9gvyxGOrn2ByuP2YiKov9dFX3YSl5g",
    "authDomain": "dotinoapp.firebaseapp.com"
  }
}
[debug] > [functions] parsed triggers: []
[info] i  hosting: preparing . directory for upload...
[debug] >>> HTTP REQUEST PUT https://deploy.firebase.com/v1/hosting/dotinoapp/uploads/-Kgr8xagwiNDwyFd0H74?fileCount=2880&message=  
 Mon Apr 03 2017 21:10:19 GMT-0700 (PDT)
